# JRE version: Java(TM) SE Runtime Environment (8.0_66-b18) (build 1.8.0_66-b18)
# Java VM: Java HotSpot(TM) 64-Bit Server VM (25.66-b18 mixed mode windows-amd64 compressed oops)
Heap:
 PSYoungGen      total 1006592K, used 335742K [0x000000076b400000, 0x00000007ab300000, 0x00000007c0000000)
  eden space 974336K, 33% used [0x000000076b400000,0x000000077f239088,0x00000007a6b80000)
  from space 32256K, 30% used [0x00000007a6b80000,0x00000007a75269f0,0x00000007a8b00000)
  to   space 30208K, 0% used [0x00000007a8b00000,0x00000007a8b00000,0x00000007aa880000)
 ParOldGen       total 216064K, used 96089K [0x00000006c1c00000, 0x00000006cef00000, 0x000000076b400000)
  object space 216064K, 44% used [0x00000006c1c00000,0x00000006c79d6450,0x00000006cef00000)
 Metaspace       used 57365K, capacity 60416K, committed 60696K, reserved 1103872K
  class space    used 6404K, capacity 7126K, committed 7200K, reserved 1048576K
GC Heap History (10 events):
Event: 53.564 GC heap before
{Heap before GC invocations=14 (full 2):
 PSYoungGen      total 513536K, used 501152K [0x000000076b400000, 0x0000000799a80000, 0x00000007c0000000)
  eden space 492544K, 100% used [0x000000076b400000,0x0000000789500000,0x0000000789500000)
  from space 20992K, 41% used [0x0000000789500000,0x0000000789d68010,0x000000078a980000)
  to   space 20992K, 0% used [0x0000000798600000,0x0000000798600000,0x0000000799a80000)
 ParOldGen       total 104960K, used 53332K [0x00000006c1c00000, 0x00000006c8280000, 0x000000076b400000)
  object space 104960K, 50% used [0x00000006c1c00000,0x00000006c50152c8,0x00000006c8280000)
 Metaspace       used 54261K, capacity 56604K, committed 56872K, reserved 1099776K
  class space    used 6203K, capacity 6842K, committed 6960K, reserved 1048576K
Event: 53.658 GC heap after
Heap after GC invocations=14 (full 2):
 PSYoungGen      total 723968K, used 20960K [0x000000076b400000, 0x0000000799c80000, 0x00000007c0000000)
  eden space 702976K, 0% used [0x000000076b400000,0x000000076b400000,0x0000000796280000)
  from space 20992K, 99% used [0x0000000798600000,0x0000000799a78020,0x0000000799a80000)
  to   space 29696K, 0% used [0x0000000796280000,0x0000000796280000,0x0000000797f80000)
 ParOldGen       total 104960K, used 70989K [0x00000006c1c00000, 0x00000006c8280000, 0x000000076b400000)
  object space 104960K, 67% used [0x00000006c1c00000,0x00000006c61536e0,0x00000006c8280000)
 Metaspace       used 54261K, capacity 56604K, committed 56872K, reserved 1099776K
  class space    used 6203K, capacity 6842K, committed 6960K, reserved 1048576K
}
Event: 280.780 GC heap before
{Heap before GC invocations=15 (full 2):
 PSYoungGen      total 723968K, used 166681K [0x000000076b400000, 0x0000000799c80000, 0x00000007c0000000)
  eden space 702976K, 20% used [0x000000076b400000,0x000000077424e568,0x0000000796280000)
  from space 20992K, 99% used [0x0000000798600000,0x0000000799a78020,0x0000000799a80000)
  to   space 29696K, 0% used [0x0000000796280000,0x0000000796280000,0x0000000797f80000)
 ParOldGen       total 104960K, used 70989K [0x00000006c1c00000, 0x00000006c8280000, 0x000000076b400000)
  object space 104960K, 67% used [0x00000006c1c00000,0x00000006c61536e0,0x00000006c8280000)
 Metaspace       used 56244K, capacity 59044K, committed 59160K, reserved 1101824K
  class space    used 6382K, capacity 7094K, committed 7200K, reserved 1048576K
Event: 280.818 GC heap after
Heap after GC invocations=15 (full 2):
 PSYoungGen      total 732672K, used 2212K [0x000000076b400000, 0x00000007aa880000, 0x00000007c0000000)
  eden space 702976K, 0% used [0x000000076b400000,0x000000076b400000,0x0000000796280000)
  from space 29696K, 7% used [0x0000000796280000,0x00000007964a9208,0x0000000797f80000)
  to   space 30208K, 0% used [0x00000007a8b00000,0x00000007a8b00000,0x00000007aa880000)
 ParOldGen       total 104960K, used 90719K [0x00000006c1c00000, 0x00000006c8280000, 0x000000076b400000)
  object space 104960K, 86% used [0x00000006c1c00000,0x00000006c7497c18,0x00000006c8280000)
 Metaspace       used 56244K, capacity 59044K, committed 59160K, reserved 1101824K
  class space    used 6382K, capacity 7094K, committed 7200K, reserved 1048576K
}
Event: 280.818 GC heap before
{Heap before GC invocations=16 (full 3):
 PSYoungGen      total 732672K, used 2212K [0x000000076b400000, 0x00000007aa880000, 0x00000007c0000000)
  eden space 702976K, 0% used [0x000000076b400000,0x000000076b400000,0x0000000796280000)
  from space 29696K, 7% used [0x0000000796280000,0x00000007964a9208,0x0000000797f80000)
  to   space 30208K, 0% used [0x00000007a8b00000,0x00000007a8b00000,0x00000007aa880000)
 ParOldGen       total 104960K, used 90719K [0x00000006c1c00000, 0x00000006c8280000, 0x000000076b400000)
  object space 104960K, 86% used [0x00000006c1c00000,0x00000006c7497c18,0x00000006c8280000)
 Metaspace       used 56244K, capacity 59044K, committed 59160K, reserved 1101824K
  class space    used 6382K, capacity 7094K, committed 7200K, reserved 1048576K
Event: 281.211 GC heap after
Heap after GC invocations=16 (full 3):
 PSYoungGen      total 732672K, used 0K [0x000000076b400000, 0x00000007aa880000, 0x00000007c0000000)
  eden space 702976K, 0% used [0x000000076b400000,0x000000076b400000,0x0000000796280000)
  from space 29696K, 0% used [0x0000000796280000,0x0000000796280000,0x0000000797f80000)
  to   space 30208K, 0% used [0x00000007a8b00000,0x00000007a8b00000,0x00000007aa880000)
 ParOldGen       total 216064K, used 85340K [0x00000006c1c00000, 0x00000006cef00000, 0x000000076b400000)
  object space 216064K, 39% used [0x00000006c1c00000,0x00000006c6f57230,0x00000006cef00000)
 Metaspace       used 56244K, capacity 59044K, committed 59160K, reserved 1101824K
  class space    used 6382K, capacity 7094K, committed 7200K, reserved 1048576K
}
Event: 3614.519 GC heap before
{Heap before GC invocations=17 (full 3):
 PSYoungGen      total 732672K, used 702976K [0x000000076b400000, 0x00000007aa880000, 0x00000007c0000000)
  eden space 702976K, 100% used [0x000000076b400000,0x0000000796280000,0x0000000796280000)
  from space 29696K, 0% used [0x0000000796280000,0x0000000796280000,0x0000000797f80000)
  to   space 30208K, 0% used [0x00000007a8b00000,0x00000007a8b00000,0x00000007aa880000)
 ParOldGen       total 216064K, used 85340K [0x00000006c1c00000, 0x00000006cef00000, 0x000000076b400000)
  object space 216064K, 39% used [0x00000006c1c00000,0x00000006c6f57230,0x00000006cef00000)
 Metaspace       used 56949K, capacity 59922K, committed 60184K, reserved 1101824K
  class space    used 6397K, capacity 7117K, committed 7200K, reserved 1048576K
Event: 3614.616 GC heap after
Heap after GC invocations=17 (full 3):
 PSYoungGen      total 1004544K, used 22509K [0x000000076b400000, 0x00000007ab300000, 0x00000007c0000000)
  eden space 974336K, 0% used [0x000000076b400000,0x000000076b400000,0x00000007a6b80000)
  from space 30208K, 74% used [0x00000007a8b00000,0x00000007aa0fb770,0x00000007aa880000)
  to   space 32256K, 0% used [0x00000007a6b80000,0x00000007a6b80000,0x00000007a8b00000)
 ParOldGen       total 216064K, used 85340K [0x00000006c1c00000, 0x00000006cef00000, 0x000000076b400000)
  object space 216064K, 39% used [0x00000006c1c00000,0x00000006c6f57230,0x00000006cef00000)
 Metaspace       used 56949K, capacity 59922K, committed 60184K, reserved 1101824K
  class space    used 6397K, capacity 7117K, committed 7200K, reserved 1048576K
}
Event: 11400.318 GC heap before
{Heap before GC invocations=18 (full 3):
 PSYoungGen      total 1004544K, used 996845K [0x000000076b400000, 0x00000007ab300000, 0x00000007c0000000)
  eden space 974336K, 100% used [0x000000076b400000,0x00000007a6b80000,0x00000007a6b80000)
  from space 30208K, 74% used [0x00000007a8b00000,0x00000007aa0fb770,0x00000007aa880000)
  to   space 32256K, 0% used [0x00000007a6b80000,0x00000007a6b80000,0x00000007a8b00000)
 ParOldGen       total 216064K, used 85340K [0x00000006c1c00000, 0x00000006cef00000, 0x000000076b400000)
  object space 216064K, 39% used [0x00000006c1c00000,0x00000006c6f57230,0x00000006cef00000)
 Metaspace       used 57219K, capacity 60224K, committed 60440K, reserved 1101824K
  class space    used 6404K, capacity 7126K, committed 7200K, reserved 1048576K
Event: 11400.350 GC heap after
Heap after GC invocations=18 (full 3):
 PSYoungGen      total 1006592K, used 9882K [0x000000076b400000, 0x00000007ab300000, 0x00000007c0000000)
  eden space 974336K, 0% used [0x000000076b400000,0x000000076b400000,0x00000007a6b80000)
  from space 32256K, 30% used [0x00000007a6b80000,0x00000007a75269f0,0x00000007a8b00000)
  to   space 30208K, 0% used [0x00000007a8b00000,0x00000007a8b00000,0x00000007aa880000)
 ParOldGen       total 216064K, used 96089K [0x00000006c1c00000, 0x00000006cef00000, 0x000000076b400000)
  object space 216064K, 44% used [0x00000006c1c00000,0x00000006c79d6450,0x00000006cef00000)
 Metaspace       used 57219K, capacity 60224K, committed 60440K, reserved 1101824K
  class space    used 6404K, capacity 7126K, committed 7200K, reserved 1048576K
}

